<?xml version="1.0" encoding="UTF-8"?>
<testsuite name="CalculatorTest" tests="4" skipped="0" failures="0" errors="0" timestamp="2024-09-26T19:37:04" hostname="JIMINuicBookAir.communityfibre.co.uk" time="0.059">
  <properties/>
  <testcase name="testMultiplication()" classname="CalculatorTest" time="0.041"/>
  <testcase name="testAddition()" classname="CalculatorTest" time="0.002"/>
  <testcase name="testDivisionByZero()" classname="CalculatorTest" time="0.004"/>
  <testcase name="testSubtraction()" classname="CalculatorTest" time="0.001"/>
  <system-out><![CDATA[]]></system-out>
  <system-err><![CDATA[]]></system-err>
</testsuite>
